Arguments: 
  C:\Program Files\nodejs\node.exe C:\Users\austi\AppData\Roaming\npm\node_modules\yarn\bin\yarn.js add fasitfy

PATH: 
  C:\Program Files (x86)\Razer\ChromaBroadcast\bin;C:\Program Files\Razer\ChromaBroadcast\bin;C:\Python27\;C:\Python27\Scripts;C:\Program Files (x86)\Intel\iCLS Client\;C:\Program Files\Intel\iCLS Client\;C:\Windows\system32;C:\Windows;C:\Windows\System32\Wbem;C:\Windows\System32\WindowsPowerShell\v1.0\;C:\Program Files (x86)\Intel\Intel(R) Management Engine Components\DAL;C:\Program Files\Intel\Intel(R) Management Engine Components\DAL;C:\Program Files (x86)\Intel\Intel(R) Management Engine Components\IPT;C:\Program Files\Intel\Intel(R) Management Engine Components\IPT;C:\Program Files (x86)\NVIDIA Corporation\PhysX\Common;C:\WINDOWS\system32;C:\WINDOWS;C:\WINDOWS\System32\Wbem;C:\WINDOWS\System32\WindowsPowerShell\v1.0\;C:\WINDOWS\System32\OpenSSH\;C:\Program Files\Microsoft VS Code\bin;C:\Program Files\PuTTY\;C:\Program Files\Microsoft SQL Server\130\Tools\Binn\;C:\Program Files (x86)\Java\jdk1.8.0_181;C:\Program Files (x86)\Microsoft SQL Server\140\Tools\Binn\;C:\Program Files\Microsoft SQL Server\Client SDK\ODBC\130\Tools\Binn\;C:\Program Files\Microsoft SQL Server\140\Tools\Binn\;C:\Program Files\Microsoft SQL Server\140\DTS\Binn\;C:\Program Files\NVIDIA Corporation\NVIDIA NvDLISR;C:\WINDOWS\system32;C:\WINDOWS;C:\WINDOWS\System32\Wbem;C:\WINDOWS\System32\WindowsPowerShell\v1.0\;C:\WINDOWS\System32\OpenSSH\;C:\Program Files\Git\cmd;C:\Users\austi\AppData\Local\Programs\Python\Python37\Scripts\;C:\Users\austi\AppData\Local\Programs\Python\Python37\;E:\Anaconda;E:\Anaconda\Scripts;C:\Program Files\nodejs\;C:\ProgramData\chocolatey\bin;C:\Program Files\dotnet\;C:\Program Files\Microsoft SQL Server\Client SDK\ODBC\170\Tools\Binn\;C:\Program Files\Docker\Docker\resources\bin;C:\ProgramData\DockerDesktop\version-bin;C:\Users\austi\AppData\Local\Microsoft\WindowsApps;C:\Users\austi\.dotnet\tools;E:\Ruby26-x64\bin;C:\Users\austi\AppData\Local\Programs\Python\Python37\Scripts\;C:\Users\austi\AppData\Local\Programs\Python\Python37\;C:\Users\austi\AppData\Local\Microsoft\WindowsApps;C:\Program Files\Microsoft VS Code\bin;C:\Users\austi\.dotnet\tools;C:\Users\austi\AppData\Local\Microsoft\WindowsApps;E:\IntelliJ\IntelliJ IDEA Community Edition 2019.1.3\bin;;C:\Users\austi\AppData\Roaming\npm

Yarn version: 
  1.15.2

Node version: 
  12.7.0

Platform: 
  win32 x64

Trace: 
  Error: https://registry.yarnpkg.com/fasitfy: Not found
      at Request.params.callback [as _callback] (C:\Users\austi\AppData\Roaming\npm\node_modules\yarn\lib\cli.js:66058:18)
      at Request.self.callback (C:\Users\austi\AppData\Roaming\npm\node_modules\yarn\lib\cli.js:129541:22)
      at Request.emit (events.js:203:13)
      at Request.<anonymous> (C:\Users\austi\AppData\Roaming\npm\node_modules\yarn\lib\cli.js:130513:10)
      at Request.emit (events.js:203:13)
      at IncomingMessage.<anonymous> (C:\Users\austi\AppData\Roaming\npm\node_modules\yarn\lib\cli.js:130435:12)
      at Object.onceWrapper (events.js:291:20)
      at IncomingMessage.emit (events.js:208:15)
      at endReadableNT (_stream_readable.js:1161:12)
      at processTicksAndRejections (internal/process/task_queues.js:77:11)

npm manifest: 
  {
    "name": "round-robin-webhook",
    "version": "1.0.0",
    "description": "round robin picker webhook for Discord",
    "main": "server.ts",
    "author": "austin howlett",
    "license": "MIT"
  }

yarn manifest: 
  No manifest

Lockfile: 
  No lockfile
